<?xml version="1.0" encoding="UTF-8"?>
<testsuite xmlns:xsi="http://www.w3.org/2001/XMLSchema-instance" xsi:noNamespaceSchemaLocation="https://maven.apache.org/surefire/maven-surefire-plugin/xsd/surefire-test-report-3.0.xsd" version="3.0" name="edu.co.unicauca.pagos.pagosapppropio.domain.PagoTransferenciaBancariaTest" time="0.363" tests="8" errors="0" skipped="0" failures="0">
  <properties>
[...]
</properties>
  <testcase name="testValidarFallido(String, double)[1]" classname="edu.co.unicauca.pagos.pagosapppropio.domain.PagoTransferenciaBancariaTest" time="0.111">
    <system-out><![CDATA[validar
]]></system-out>
  </testcase>
  <testcase name="testValidarFallido(String, double)[2]" classname="edu.co.unicauca.pagos.pagosapppropio.domain.PagoTransferenciaBancariaTest" time="0.004">
    <system-out><![CDATA[validar
]]></system-out>
  </testcase>
  <testcase name="testValidarFallido(String, double)[3]" classname="edu.co.unicauca.pagos.pagosapppropio.domain.PagoTransferenciaBancariaTest" time="0.004">
    <system-out><![CDATA[validar
]]></system-out>
  </testcase>
  <testcase name="testValidarFallido(String, double)[4]" classname="edu.co.unicauca.pagos.pagosapppropio.domain.PagoTransferenciaBancariaTest" time="0.003">
    <system-out><![CDATA[validar
]]></system-out>
  </testcase>
  <testcase name="testObtenerDetalleExitoso" classname="edu.co.unicauca.pagos.pagosapppropio.domain.PagoTransferenciaBancariaTest" time="0.035">
    <system-out><![CDATA[obtenerDetalle
]]></system-out>
  </testcase>
  <testcase name="testObtenerDetalleFallido" classname="edu.co.unicauca.pagos.pagosapppropio.domain.PagoTransferenciaBancariaTest" time="0.004">
    <system-out><![CDATA[obtenerDetalle
]]></system-out>
  </testcase>
  <testcase name="testValidarExitoso(String, double)[1]" classname="edu.co.unicauca.pagos.pagosapppropio.domain.PagoTransferenciaBancariaTest" time="0.003">
    <system-out><![CDATA[validar
]]></system-out>
  </testcase>
  <testcase name="testValidarExitoso(String, double)[2]" classname="edu.co.unicauca.pagos.pagosapppropio.domain.PagoTransferenciaBancariaTest" time="0.003">
    <system-out><![CDATA[validar
]]></system-out>
  </testcase>
</testsuite>