<?xml version="1.0" encoding="UTF-8"?>
<testsuite xmlns:xsi="http://www.w3.org/2001/XMLSchema-instance" xsi:noNamespaceSchemaLocation="https://maven.apache.org/surefire/maven-surefire-plugin/xsd/surefire-test-report-3.0.xsd" version="3.0" name="edu.co.unicauca.pagos.pagosapppropio.domain.PagoTarjetaCreditoTest" time="0.421" tests="12" errors="0" skipped="0" failures="0">
  <properties>
[...]
</properties>
  <testcase name="testGetValor" classname="edu.co.unicauca.pagos.pagosapppropio.domain.PagoTarjetaCreditoTest" time="0.059">
    <system-out><![CDATA[getValor
]]></system-out>
  </testcase>
  <testcase name="testGetId" classname="edu.co.unicauca.pagos.pagosapppropio.domain.PagoTarjetaCreditoTest" time="0.006">
    <system-out><![CDATA[getId
]]></system-out>
  </testcase>
  <testcase name="testSetId" classname="edu.co.unicauca.pagos.pagosapppropio.domain.PagoTarjetaCreditoTest" time="0.004">
    <system-out><![CDATA[setId
]]></system-out>
  </testcase>
  <testcase name="validarPagoTarjetaCreditoNoValido(String, float)[1]" classname="edu.co.unicauca.pagos.pagosapppropio.domain.PagoTarjetaCreditoTest" time="0.075"/>
  <testcase name="validarPagoTarjetaCreditoNoValido(String, float)[2]" classname="edu.co.unicauca.pagos.pagosapppropio.domain.PagoTarjetaCreditoTest" time="0.003"/>
  <testcase name="validarPagoTarjetaCreditoNoValido(String, float)[3]" classname="edu.co.unicauca.pagos.pagosapppropio.domain.PagoTarjetaCreditoTest" time="0.004"/>
  <testcase name="validarPagoTarjetaCreditoValido(String, float)[1]" classname="edu.co.unicauca.pagos.pagosapppropio.domain.PagoTarjetaCreditoTest" time="0.003"/>
  <testcase name="validarPagoTarjetaCreditoValido(String, float)[2]" classname="edu.co.unicauca.pagos.pagosapppropio.domain.PagoTarjetaCreditoTest" time="0.017"/>
  <testcase name="testObtenerDetalleExitoso" classname="edu.co.unicauca.pagos.pagosapppropio.domain.PagoTarjetaCreditoTest" time="0.014">
    <system-out><![CDATA[obtenerDetalle
]]></system-out>
  </testcase>
  <testcase name="createPagoTarjetaCredito" classname="edu.co.unicauca.pagos.pagosapppropio.domain.PagoTarjetaCreditoTest" time="0.002"/>
  <testcase name="testObtenerDetalleFallido" classname="edu.co.unicauca.pagos.pagosapppropio.domain.PagoTarjetaCreditoTest" time="0.003">
    <system-out><![CDATA[obtenerDetalle
]]></system-out>
  </testcase>
  <testcase name="testSetValor" classname="edu.co.unicauca.pagos.pagosapppropio.domain.PagoTarjetaCreditoTest" time="0.003">
    <system-out><![CDATA[setValor
]]></system-out>
  </testcase>
</testsuite>